==30585== Memcheck, a memory error detector
==30585== Copyright (C) 2002-2017, and GNU GPL'd, by Julian Seward et al.
==30585== Using Valgrind-3.18.1 and LibVEX; rerun with -h for copyright info
==30585== Command: ./steinberg elden_ring.jpg 1
==30585== 
==30585== Conditional jump or move depends on uninitialised value(s)
==30585==    at 0x10B573: int const& std::min<int>(int const&, int const&) (in /home/ashishmathew0297/dsc520/floyd-steinberg-dithering/src/steinberg)
==30585==    by 0x10AB22: clamp(int) (in /home/ashishmathew0297/dsc520/floyd-steinberg-dithering/src/steinberg)
==30585==    by 0x10B1C8: floyd_steinberg_dithering(std::__cxx11::basic_string<char, std::char_traits<char>, std::allocator<char> >, int) (in /home/ashishmathew0297/dsc520/floyd-steinberg-dithering/src/steinberg)
==30585==    by 0x10A526: main (in /home/ashishmathew0297/dsc520/floyd-steinberg-dithering/src/steinberg)
==30585== 
==30585== Conditional jump or move depends on uninitialised value(s)
==30585==    at 0x10B547: int const& std::max<int>(int const&, int const&) (in /home/ashishmathew0297/dsc520/floyd-steinberg-dithering/src/steinberg)
==30585==    by 0x10AB3B: clamp(int) (in /home/ashishmathew0297/dsc520/floyd-steinberg-dithering/src/steinberg)
==30585==    by 0x10B1C8: floyd_steinberg_dithering(std::__cxx11::basic_string<char, std::char_traits<char>, std::allocator<char> >, int) (in /home/ashishmathew0297/dsc520/floyd-steinberg-dithering/src/steinberg)
==30585==    by 0x10A526: main (in /home/ashishmathew0297/dsc520/floyd-steinberg-dithering/src/steinberg)
==30585== 
==30585== Invalid read of size 1
==30585==    at 0x10B148: floyd_steinberg_dithering(std::__cxx11::basic_string<char, std::char_traits<char>, std::allocator<char> >, int) (in /home/ashishmathew0297/dsc520/floyd-steinberg-dithering/src/steinberg)
==30585==    by 0x10A526: main (in /home/ashishmathew0297/dsc520/floyd-steinberg-dithering/src/steinberg)
==30585==  Address 0x16c08088 is 0 bytes after a block of size 99,532,872 alloc'd
==30585==    at 0x4848899: malloc (in /usr/libexec/valgrind/vgpreload_memcheck-amd64-linux.so)
==30585==    by 0x493AC08: cv::fastMalloc(unsigned long) (in /usr/lib/x86_64-linux-gnu/libopencv_core.so.4.5.4d)
==30585==    by 0x49F3DC8: ??? (in /usr/lib/x86_64-linux-gnu/libopencv_core.so.4.5.4d)
==30585==    by 0x49FAB53: cv::Mat::create(int, int const*, int) (in /usr/lib/x86_64-linux-gnu/libopencv_core.so.4.5.4d)
==30585==    by 0x49FAE9C: cv::Mat::create(int, int, int) (in /usr/lib/x86_64-linux-gnu/libopencv_core.so.4.5.4d)
==30585==    by 0x48B2BAF: ??? (in /usr/lib/x86_64-linux-gnu/libopencv_imgcodecs.so.4.5.4d)
==30585==    by 0x48894FF: cv::imread(std::__cxx11::basic_string<char, std::char_traits<char>, std::allocator<char> > const&, int) (in /usr/lib/x86_64-linux-gnu/libopencv_imgcodecs.so.4.5.4d)
==30585==    by 0x10ABB9: floyd_steinberg_dithering(std::__cxx11::basic_string<char, std::char_traits<char>, std::allocator<char> >, int) (in /home/ashishmathew0297/dsc520/floyd-steinberg-dithering/src/steinberg)
==30585==    by 0x10A526: main (in /home/ashishmathew0297/dsc520/floyd-steinberg-dithering/src/steinberg)
==30585== 
==30585== Invalid write of size 1
==30585==    at 0x10B1C9: floyd_steinberg_dithering(std::__cxx11::basic_string<char, std::char_traits<char>, std::allocator<char> >, int) (in /home/ashishmathew0297/dsc520/floyd-steinberg-dithering/src/steinberg)
==30585==    by 0x10A526: main (in /home/ashishmathew0297/dsc520/floyd-steinberg-dithering/src/steinberg)
==30585==  Address 0x16c08088 is 0 bytes after a block of size 99,532,872 alloc'd
==30585==    at 0x4848899: malloc (in /usr/libexec/valgrind/vgpreload_memcheck-amd64-linux.so)
==30585==    by 0x493AC08: cv::fastMalloc(unsigned long) (in /usr/lib/x86_64-linux-gnu/libopencv_core.so.4.5.4d)
==30585==    by 0x49F3DC8: ??? (in /usr/lib/x86_64-linux-gnu/libopencv_core.so.4.5.4d)
==30585==    by 0x49FAB53: cv::Mat::create(int, int const*, int) (in /usr/lib/x86_64-linux-gnu/libopencv_core.so.4.5.4d)
==30585==    by 0x49FAE9C: cv::Mat::create(int, int, int) (in /usr/lib/x86_64-linux-gnu/libopencv_core.so.4.5.4d)
==30585==    by 0x48B2BAF: ??? (in /usr/lib/x86_64-linux-gnu/libopencv_imgcodecs.so.4.5.4d)
==30585==    by 0x48894FF: cv::imread(std::__cxx11::basic_string<char, std::char_traits<char>, std::allocator<char> > const&, int) (in /usr/lib/x86_64-linux-gnu/libopencv_imgcodecs.so.4.5.4d)
==30585==    by 0x10ABB9: floyd_steinberg_dithering(std::__cxx11::basic_string<char, std::char_traits<char>, std::allocator<char> >, int) (in /home/ashishmathew0297/dsc520/floyd-steinberg-dithering/src/steinberg)
==30585==    by 0x10A526: main (in /home/ashishmathew0297/dsc520/floyd-steinberg-dithering/src/steinberg)
==30585== 
--30585-- VALGRIND INTERNAL ERROR: Valgrind received a signal 11 (SIGSEGV) - exiting
--30585-- si_code=128;  Faulting address: 0x0;  sp: 0x1002ca9cf0

valgrind: the 'impossible' happened:
   Killed by fatal signal

host stacktrace:
==30585==    at 0x5804C7DB: ??? (in /usr/libexec/valgrind/memcheck-amd64-linux)
==30585==    by 0x5803AE9A: ??? (in /usr/libexec/valgrind/memcheck-amd64-linux)
==30585==    by 0x58039535: ??? (in /usr/libexec/valgrind/memcheck-amd64-linux)
==30585==    by 0x5803DF3D: ??? (in /usr/libexec/valgrind/memcheck-amd64-linux)
==30585==    by 0x58038C34: ??? (in /usr/libexec/valgrind/memcheck-amd64-linux)
==30585==    by 0x5809B7DC: ??? (in /usr/libexec/valgrind/memcheck-amd64-linux)
==30585==    by 0x580E3F40: ??? (in /usr/libexec/valgrind/memcheck-amd64-linux)

sched status:
  running_tid=1

Thread 1: status = VgTs_Runnable (lwpid 30585)
==30585==    at 0x484B27F: free (in /usr/libexec/valgrind/vgpreload_memcheck-amd64-linux.so)
==30585==    by 0x49F3EC8: ??? (in /usr/lib/x86_64-linux-gnu/libopencv_core.so.4.5.4d)
==30585==    by 0x49F7061: cv::Mat::release() (in /usr/lib/x86_64-linux-gnu/libopencv_core.so.4.5.4d)
==30585==    by 0x49F7080: cv::Mat::~Mat() (in /usr/lib/x86_64-linux-gnu/libopencv_core.so.4.5.4d)
==30585==    by 0x10B2CF: floyd_steinberg_dithering(std::__cxx11::basic_string<char, std::char_traits<char>, std::allocator<char> >, int) (in /home/ashishmathew0297/dsc520/floyd-steinberg-dithering/src/steinberg)
==30585==    by 0x10A526: main (in /home/ashishmathew0297/dsc520/floyd-steinberg-dithering/src/steinberg)
client stack range: [0x1FFEFFD000 0x1FFF000FFF] client SP: 0x1FFEFFF470
valgrind stack range: [0x1002BAA000 0x1002CA9FFF] top usage: 18984 of 1048576


Note: see also the FAQ in the source distribution.
It contains workarounds to several common problems.
In particular, if Valgrind aborted or crashed after
identifying problems in your program, there's a good chance
that fixing those problems will prevent Valgrind aborting or
crashing, especially if it happened in m_mallocfree.c.

If that doesn't help, please report this bug to: www.valgrind.org

In the bug report, send all the above text, the valgrind
version, and what OS and version you are using.  Thanks.

